<?xml version="1.0" encoding="UTF-8"?>
<!-- Generated by org.testng.reporters.JUnitReportReporter -->
<testsuite hostname="Khajas-MacBook-Pro.local" name="com.spotqa.dropbox.CreateFolderTest" tests="1" failures="0" timestamp="3 Nov 2016 06:58:29 GMT" time="4.313" errors="0">
  <testcase name="createFolder" time="4.313" classname="com.spotqa.dropbox.CreateFolderTest"/>
</testsuite> <!-- com.spotqa.dropbox.CreateFolderTest -->
