<?xml version="1.0" encoding="UTF-8"?>
<!-- Generated by org.testng.reporters.JUnitReportReporter -->
<testsuite hostname="Khajas-MacBook-Pro.local" name="com.restapi.dropbox.CreateFolderTest" tests="1" failures="0" timestamp="7 Nov 2016 09:28:03 GMT" time="6.071" errors="0">
  <testcase name="createFolder" time="6.071" classname="com.restapi.dropbox.CreateFolderTest"/>
</testsuite> <!-- com.restapi.dropbox.CreateFolderTest -->
