<?xml version="1.0" encoding="UTF-8"?>
<!-- Generated by org.testng.reporters.JUnitReportReporter -->
<testsuite hostname="Khajas-MacBook-Pro.local" name="com.restapi.dropbox.DeleteFolderTest" tests="1" failures="0" timestamp="7 Nov 2016 09:28:03 GMT" time="2.668" errors="0">
  <testcase name="deleteFolder" time="2.668" classname="com.restapi.dropbox.DeleteFolderTest"/>
</testsuite> <!-- com.restapi.dropbox.DeleteFolderTest -->
